ARM GAS  /tmp/ccQdfLTr.s 			page 1


   1              		.cpu cortex-m7
   2              		.arch armv7e-m
   3              		.fpu fpv5-d16
   4              		.eabi_attribute 28, 1
   5              		.eabi_attribute 20, 1
   6              		.eabi_attribute 21, 1
   7              		.eabi_attribute 23, 3
   8              		.eabi_attribute 24, 1
   9              		.eabi_attribute 25, 1
  10              		.eabi_attribute 26, 1
  11              		.eabi_attribute 30, 2
  12              		.eabi_attribute 34, 1
  13              		.eabi_attribute 18, 4
  14              		.file	"OnePoleFilters.cpp"
  15              		.text
  16              	.Ltext0:
  17              		.cfi_sections	.debug_frame
  18              		.file 1 "Dattorro/dsp/filters/OnePoleFilters.cpp"
  19              	.Letext0:
  20              		.file 2 "/usr/arm-none-eabi/include/machine/_default_types.h"
  21              		.file 3 "/usr/arm-none-eabi/include/sys/_stdint.h"
  22              		.file 4 "/usr/arm-none-eabi/include/stdint.h"
  23              		.file 5 "/usr/arm-none-eabi/include/c++/15.2.0/type_traits"
  24              		.file 6 "/usr/arm-none-eabi/include/c++/15.2.0/cmath"
  25              		.file 7 "/usr/arm-none-eabi/include/c++/15.2.0/concepts"
  26              		.file 8 "/usr/arm-none-eabi/include/c++/15.2.0/bits/iterator_concepts.h"
  27              		.file 9 "/usr/arm-none-eabi/include/c++/15.2.0/compare"
  28              		.file 10 "/usr/arm-none-eabi/include/c++/15.2.0/debug/debug.h"
  29              		.file 11 "/usr/arm-none-eabi/include/c++/15.2.0/bits/std_abs.h"
  30              		.file 12 "/usr/arm-none-eabi/include/c++/15.2.0/cstdint"
  31              		.file 13 "/usr/arm-none-eabi/include/c++/15.2.0/bits/utility.h"
  32              		.file 14 "/usr/arm-none-eabi/include/c++/15.2.0/arm-none-eabi/thumb/v7e-m+dp/hard/bits/c++config.h
  33              		.file 15 "/usr/arm-none-eabi/include/c++/15.2.0/bits/predefined_ops.h"
  34              		.file 16 "/usr/arm-none-eabi/include/math.h"
  35              		.file 17 "/usr/arm-none-eabi/include/c++/15.2.0/bits/ptr_traits.h"
  36              		.file 18 "/usr/arm-none-eabi/include/c++/15.2.0/math.h"
ARM GAS  /tmp/ccQdfLTr.s 			page 2


DEFINED SYMBOLS
                            *ABS*:00000000 OnePoleFilters.cpp

NO UNDEFINED SYMBOLS
