ARM GAS  /tmp/cc2dWjVQ.s 			page 1


   1              		.cpu cortex-m7
   2              		.arch armv7e-m
   3              		.fpu fpv5-d16
   4              		.eabi_attribute 28, 1
   5              		.eabi_attribute 20, 1
   6              		.eabi_attribute 21, 1
   7              		.eabi_attribute 23, 3
   8              		.eabi_attribute 24, 1
   9              		.eabi_attribute 25, 1
  10              		.eabi_attribute 26, 1
  11              		.eabi_attribute 30, 2
  12              		.eabi_attribute 34, 1
  13              		.eabi_attribute 18, 4
  14              		.file	"FastSin.cpp"
  15              		.text
  16              		.global	_ZN9CloudSeed7FastSin4dataE
  17              		.section	.sdram_bss,"aw"
  18              		.align	2
  21              	_ZN9CloudSeed7FastSin4dataE:
  22 0000 00000000 		.space	131072
  22      00000000 
  22      00000000 
  22      00000000 
  22      00000000 
  23              		.ident	"GCC: (Fedora 15.2.0-1.fc43) 15.2.0"
ARM GAS  /tmp/cc2dWjVQ.s 			page 2


DEFINED SYMBOLS
                            *ABS*:00000000 FastSin.cpp
     /tmp/cc2dWjVQ.s:21     .sdram_bss:00000000 _ZN9CloudSeed7FastSin4dataE
     /tmp/cc2dWjVQ.s:18     .sdram_bss:00000000 $d

NO UNDEFINED SYMBOLS
